c:\hikoengine\portfolio\nanitetree\mesh_simplification\build\nanitesimplification.dir\debug\vc143.pdb
c:\hikoengine\portfolio\nanitetree\mesh_simplification\build\nanitesimplification.dir\debug\mesh_simplification.obj
c:\hikoengine\portfolio\nanitetree\mesh_simplification\build\mesh_simplification.proto.h
c:\hikoengine\portfolio\nanitetree\mesh_simplification\build\cmakefiles\generate.stamp
c:\hikoengine\portfolio\nanitetree\mesh_simplification\build\nanitesimplification.dir\debug\nanitesimplification.ilk
c:\users\win10-pro\documents\houdini19.0\dso\nanitesimplification.dll
c:\users\win10-pro\documents\houdini19.0\dso\nanitesimplification.pdb
c:\users\win10-pro\documents\houdini19.0\dso\nanitesimplification.lib
c:\users\win10-pro\documents\houdini19.0\dso\nanitesimplification.exp
c:\hikoengine\portfolio\nanitetree\mesh_simplification\build\nanitesimplification.dir\debug\nanitesi.8ed80ce5.tlog\cl.command.1.tlog
c:\hikoengine\portfolio\nanitetree\mesh_simplification\build\nanitesimplification.dir\debug\nanitesi.8ed80ce5.tlog\cl.items.tlog
c:\hikoengine\portfolio\nanitetree\mesh_simplification\build\nanitesimplification.dir\debug\nanitesi.8ed80ce5.tlog\cl.read.1.tlog
c:\hikoengine\portfolio\nanitetree\mesh_simplification\build\nanitesimplification.dir\debug\nanitesi.8ed80ce5.tlog\cl.write.1.tlog
c:\hikoengine\portfolio\nanitetree\mesh_simplification\build\nanitesimplification.dir\debug\nanitesi.8ed80ce5.tlog\custombuild.command.1.tlog
c:\hikoengine\portfolio\nanitetree\mesh_simplification\build\nanitesimplification.dir\debug\nanitesi.8ed80ce5.tlog\custombuild.read.1.tlog
c:\hikoengine\portfolio\nanitetree\mesh_simplification\build\nanitesimplification.dir\debug\nanitesi.8ed80ce5.tlog\custombuild.write.1.tlog
c:\hikoengine\portfolio\nanitetree\mesh_simplification\build\nanitesimplification.dir\debug\nanitesi.8ed80ce5.tlog\link.command.1.tlog
c:\hikoengine\portfolio\nanitetree\mesh_simplification\build\nanitesimplification.dir\debug\nanitesi.8ed80ce5.tlog\link.read.1.tlog
c:\hikoengine\portfolio\nanitetree\mesh_simplification\build\nanitesimplification.dir\debug\nanitesi.8ed80ce5.tlog\link.write.1.tlog
c:\hikoengine\portfolio\nanitetree\mesh_simplification\build\nanitesimplification.dir\debug\nanitesi.8ed80ce5.tlog\link.write.2u.tlog
